Using pre-set license
Built from '2022.3/staging' branch; Version is '2022.3.50f1 (c3db7f8bf9b1) revision 12835711'; Using compiler version '192829333'; Build Type 'Release'
OS: 'Windows 11  (10.0.22635) 64bit Professional' Language: 'ja' Physical Memory: 16314 MB
BatchMode: 1, IsHumanControllingUs: 0, StartBugReporterOnCrash: 0, Is64bit: 1, IsPro: 1

COMMAND LINE ARGUMENTS:
D:\Editor\2022.3.50f1\Editor\Unity.exe
-adb2
-batchMode
-noUpm
-name
AssetImportWorker1
-projectPath
D:/UnityProject/Lightship_sample
-logFile
Logs/AssetImportWorker1.log
-srvPort
54222
Successfully changed project path to: D:/UnityProject/Lightship_sample
D:/UnityProject/Lightship_sample
[UnityMemory] Configuration Parameters - Can be set up in boot.config
    "memorysetup-bucket-allocator-granularity=16"
    "memorysetup-bucket-allocator-bucket-count=8"
    "memorysetup-bucket-allocator-block-size=33554432"
    "memorysetup-bucket-allocator-block-count=8"
    "memorysetup-main-allocator-block-size=16777216"
    "memorysetup-thread-allocator-block-size=16777216"
    "memorysetup-gfx-main-allocator-block-size=16777216"
    "memorysetup-gfx-thread-allocator-block-size=16777216"
    "memorysetup-cache-allocator-block-size=4194304"
    "memorysetup-typetree-allocator-block-size=2097152"
    "memorysetup-profiler-bucket-allocator-granularity=16"
    "memorysetup-profiler-bucket-allocator-bucket-count=8"
    "memorysetup-profiler-bucket-allocator-block-size=33554432"
    "memorysetup-profiler-bucket-allocator-block-count=8"
    "memorysetup-profiler-allocator-block-size=16777216"
    "memorysetup-profiler-editor-allocator-block-size=1048576"
    "memorysetup-temp-allocator-size-main=16777216"
    "memorysetup-job-temp-allocator-block-size=2097152"
    "memorysetup-job-temp-allocator-block-size-background=1048576"
    "memorysetup-job-temp-allocator-reduction-small-platforms=262144"
    "memorysetup-allocator-temp-initial-block-size-main=262144"
    "memorysetup-allocator-temp-initial-block-size-worker=262144"
    "memorysetup-temp-allocator-size-background-worker=32768"
    "memorysetup-temp-allocator-size-job-worker=262144"
    "memorysetup-temp-allocator-size-preload-manager=33554432"
    "memorysetup-temp-allocator-size-nav-mesh-worker=65536"
    "memorysetup-temp-allocator-size-audio-worker=65536"
    "memorysetup-temp-allocator-size-cloud-worker=32768"
    "memorysetup-temp-allocator-size-gi-baking-worker=262144"
    "memorysetup-temp-allocator-size-gfx=262144"
Player connection [8360]  Target information:

Player connection [8360]  * "[IP] 172.23.208.1 [Port] 0 [Flags] 2 [Guid] 1920491363 [EditorId] 1920491363 [Version] 1048832 [Id] WindowsEditor(7,DESKTOP-A2UOE99) [Debug] 1 [PackageName] WindowsEditor [ProjectName] Editor" 

Player connection [8360]  * "[IP] 192.168.56.1 [Port] 0 [Flags] 2 [Guid] 1920491363 [EditorId] 1920491363 [Version] 1048832 [Id] WindowsEditor(7,DESKTOP-A2UOE99) [Debug] 1 [PackageName] WindowsEditor [ProjectName] Editor" 

Player connection [8360]  * "[IP] 192.168.2.105 [Port] 0 [Flags] 2 [Guid] 1920491363 [EditorId] 1920491363 [Version] 1048832 [Id] WindowsEditor(7,DESKTOP-A2UOE99) [Debug] 1 [PackageName] WindowsEditor [ProjectName] Editor" 

Player connection [8360] Host joined multi-casting on [225.0.0.222:54997]...
Player connection [8360] Host joined alternative multi-casting on [225.0.0.222:34997]...
[PhysX] Initialized MultithreadedTaskDispatcher with 16 workers.
Refreshing native plugins compatible for Editor in 14.85 ms, found 4 plugins.
Preloading 0 native plugins for Editor in 0.00 ms.
Initialize engine version: 2022.3.50f1 (c3db7f8bf9b1)
[Subsystems] Discovering subsystems at path D:/Editor/2022.3.50f1/Editor/Data/Resources/UnitySubsystems
[Subsystems] Discovering subsystems at path D:/UnityProject/Lightship_sample/Assets
GfxDevice: creating device client; threaded=0; jobified=0
Direct3D:
    Version:  Direct3D 11.0 [level 11.1]
    Renderer: NVIDIA GeForce RTX 2070 SUPER (ID=0x1e84)
    Vendor:   NVIDIA
    VRAM:     7989 MB
    Driver:   32.0.15.6094
Initialize mono
Mono path[0] = 'D:/Editor/2022.3.50f1/Editor/Data/Managed'
Mono path[1] = 'D:/Editor/2022.3.50f1/Editor/Data/MonoBleedingEdge/lib/mono/unityjit-win32'
Mono config path = 'D:/Editor/2022.3.50f1/Editor/Data/MonoBleedingEdge/etc'
Using monoOptions --debugger-agent=transport=dt_socket,embedding=1,server=y,suspend=n,address=127.0.0.1:56852
Begin MonoManager ReloadAssembly
Registering precompiled unity dll's ...
Register platform support module: D:/Editor/2022.3.50f1/Editor/Data/PlaybackEngines/WebGLSupport/UnityEditor.WebGL.Extensions.dll
Register platform support module: D:/Editor/2022.3.50f1/Editor/Data/PlaybackEngines/AndroidPlayer/UnityEditor.Android.Extensions.dll
Register platform support module: D:/Editor/2022.3.50f1/Editor/Data/PlaybackEngines/WindowsStandaloneSupport/UnityEditor.WindowsStandalone.Extensions.dll
Registered in 0.005069 seconds.
- Loaded All Assemblies, in  0.413 seconds
Native extension for WindowsStandalone target not found
Native extension for Android target not found
Android Extension - Scanning For ADB Devices 307 ms
Native extension for WebGL target not found
Mono: successfully reloaded assembly
- Finished resetting the current domain, in  0.660 seconds
Domain Reload Profiling: 1073ms
	BeginReloadAssembly (127ms)
		ExecutionOrderSort (0ms)
		DisableScriptedObjects (0ms)
		BackupInstance (0ms)
		ReleaseScriptingObjects (0ms)
		CreateAndSetChildDomain (1ms)
	RebuildCommonClasses (43ms)
	RebuildNativeTypeToScriptingClass (12ms)
	initialDomainReloadingComplete (60ms)
	LoadAllAssembliesAndSetupDomain (170ms)
		LoadAssemblies (127ms)
		RebuildTransferFunctionScriptingTraits (0ms)
		AnalyzeDomain (167ms)
			TypeCache.Refresh (165ms)
				TypeCache.ScanAssembly (149ms)
			ScanForSourceGeneratedMonoScriptInfo (1ms)
			ResolveRequiredComponents (1ms)
	FinalizeReload (661ms)
		ReleaseScriptCaches (0ms)
		RebuildScriptCaches (0ms)
		SetupLoadedEditorAssemblies (608ms)
			LogAssemblyErrors (0ms)
			InitializePlatformSupportModulesInManaged (391ms)
			SetLoadedEditorAssemblies (5ms)
			RefreshPlugins (0ms)
			BeforeProcessingInitializeOnLoad (3ms)
			ProcessInitializeOnLoadAttributes (155ms)
			ProcessInitializeOnLoadMethodAttributes (53ms)
			AfterProcessingInitializeOnLoad (0ms)
			EditorAssembliesLoaded (0ms)
		ExecutionOrderSort2 (0ms)
		AwakeInstancesAfterBackupRestoration (0ms)
========================================================================
Worker process is ready to serve import requests
Caller must complete domain reload
Begin MonoManager ReloadAssembly
- Loaded All Assemblies, in  0.865 seconds
Native extension for WindowsStandalone target not found
Native extension for Android target not found
Native extension for WebGL target not found
[V] <b><color=#90EE90>[Platform]</color></b> [Log] Added log stream 'Niantic.Platform.Debugging.Unity.UnityLogStream'
UnityEngine.StackTraceUtility:ExtractStackTrace ()
UnityEngine.DebugLogHandler:LogFormat (UnityEngine.LogType,UnityEngine.Object,string,object[])
UnityEngine.Logger:Log (UnityEngine.LogType,object)
UnityEngine.Debug:Log (object)
Niantic.Platform.Debugging.Unity.UnityLogStream:LogMessage (string,Niantic.Platform.Debugging.LogLevel,string) (at Assets/Samples/Lightship Maps SDK/0.4.0/Custom Map Layers Sample/Common/UnityLogging/UnityLogStream.cs:36)
Niantic.Platform.Debugging.LogService:LogToStreams (string,Niantic.Platform.Debugging.LogLevel,string)
Niantic.Platform.Debugging.LogService:LogMessage (string,Niantic.Platform.Debugging.LogLevel,string,object)
Niantic.Platform.Debugging.LogService:RegisterLogStream (Niantic.Platform.Debugging.ILogStream)
Niantic.Lightship.Maps.Samples.Common.Editor.EditorLogInitializer:.cctor () (at Assets/Samples/Lightship Maps SDK/0.4.0/Render-to-Texture Sample/Common/Editor/EditorLogInitializer.cs:30)
System.Runtime.CompilerServices.RuntimeHelpers:RunClassConstructor (System.RuntimeTypeHandle)
UnityEditor.EditorAssemblies:ProcessInitializeOnLoadAttributes (System.Type[])

(Filename: Assets/Samples/Lightship Maps SDK/0.4.0/Custom Map Layers Sample/Common/UnityLogging/UnityLogStream.cs Line: 36)

Package Manager log level set to [2]
[Package Manager] Server::EnsureServerProcessIsRunning -- launch failed, reason: Unity was launched with the -noUpm command-line argument
[Package Manager] UpmClient::Send -- Unable to send message (not connected to UPM process).
[Package Manager] Cannot connect to Unity Package Manager local server
[V] <b><color=#90EE90>[Platform]</color></b> [Log] Added log stream 'Niantic.Platform.Debugging.Unity.UnityLogStream'
UnityEngine.StackTraceUtility:ExtractStackTrace ()
UnityEngine.DebugLogHandler:LogFormat (UnityEngine.LogType,UnityEngine.Object,string,object[])
UnityEngine.Logger:Log (UnityEngine.LogType,object)
UnityEngine.Debug:Log (object)
Niantic.Platform.Debugging.Unity.UnityLogStream:LogMessage (string,Niantic.Platform.Debugging.LogLevel,string) (at Assets/Samples/Lightship Maps SDK/0.4.0/Custom Map Layers Sample/Common/UnityLogging/UnityLogStream.cs:36)
Niantic.Platform.Debugging.LogService:LogToStreams (string,Niantic.Platform.Debugging.LogLevel,string)
Niantic.Platform.Debugging.LogService:LogMessage (string,Niantic.Platform.Debugging.LogLevel,string,object)
Niantic.Platform.Debugging.LogService:RegisterLogStream (Niantic.Platform.Debugging.ILogStream)
Niantic.Lightship.Maps.Samples.Common.Editor.EditorLogInitializer:.cctor () (at Assets/Samples/Lightship Maps SDK/0.4.0/Top-Down Camera Sample/Common/Editor/EditorLogInitializer.cs:30)
System.Runtime.CompilerServices.RuntimeHelpers:RunClassConstructor (System.RuntimeTypeHandle)
UnityEditor.EditorAssemblies:ProcessInitializeOnLoadAttributes (System.Type[])

(Filename: Assets/Samples/Lightship Maps SDK/0.4.0/Custom Map Layers Sample/Common/UnityLogging/UnityLogStream.cs Line: 36)

[V] <b><color=#90EE90>[Platform]</color></b> [Log] Added log stream 'Niantic.Platform.Debugging.Unity.UnityLogStream'
UnityEngine.StackTraceUtility:ExtractStackTrace ()
UnityEngine.DebugLogHandler:LogFormat (UnityEngine.LogType,UnityEngine.Object,string,object[])
UnityEngine.Logger:Log (UnityEngine.LogType,object)
UnityEngine.Debug:Log (object)
Niantic.Platform.Debugging.Unity.UnityLogStream:LogMessage (string,Niantic.Platform.Debugging.LogLevel,string) (at Assets/Samples/Lightship Maps SDK/0.4.0/Render-to-Texture Sample/Common/UnityLogging/UnityLogStream.cs:36)
Niantic.Platform.Debugging.LogService:LogToStreams (string,Niantic.Platform.Debugging.LogLevel,string)
Niantic.Platform.Debugging.LogService:LogMessage (string,Niantic.Platform.Debugging.LogLevel,string,object)
Niantic.Platform.Debugging.LogService:RegisterLogStream (Niantic.Platform.Debugging.ILogStream)
Niantic.Lightship.Maps.Samples.Common.Editor.EditorLogInitializer:.cctor () (at Assets/Samples/Lightship Maps SDK/0.4.0/Top-Down Camera Sample/Common/Editor/EditorLogInitializer.cs:30)
System.Runtime.CompilerServices.RuntimeHelpers:RunClassConstructor (System.RuntimeTypeHandle)
UnityEditor.EditorAssemblies:ProcessInitializeOnLoadAttributes (System.Type[])

(Filename: Assets/Samples/Lightship Maps SDK/0.4.0/Render-to-Texture Sample/Common/UnityLogging/UnityLogStream.cs Line: 36)

[V] <b><color=#90EE90>[Platform]</color></b> [Log] Added log stream 'Niantic.Platform.Debugging.Unity.UnityLogStream'
UnityEngine.StackTraceUtility:ExtractStackTrace ()
UnityEngine.DebugLogHandler:LogFormat (UnityEngine.LogType,UnityEngine.Object,string,object[])
UnityEngine.Logger:Log (UnityEngine.LogType,object)
UnityEngine.Debug:Log (object)
Niantic.Platform.Debugging.Unity.UnityLogStream:LogMessage (string,Niantic.Platform.Debugging.LogLevel,string) (at Assets/Samples/Lightship Maps SDK/0.4.0/Custom Map Layers Sample/Common/UnityLogging/UnityLogStream.cs:36)
Niantic.Platform.Debugging.LogService:LogToStreams (string,Niantic.Platform.Debugging.LogLevel,string)
Niantic.Platform.Debugging.LogService:LogMessage (string,Niantic.Platform.Debugging.LogLevel,string,object)
Niantic.Platform.Debugging.LogService:RegisterLogStream (Niantic.Platform.Debugging.ILogStream)
Niantic.Lightship.Maps.Samples.Common.Editor.EditorLogInitializer:.cctor () (at Assets/Samples/Lightship Maps SDK/0.4.0/Labels Sample/Common/Editor/EditorLogInitializer.cs:30)
System.Runtime.CompilerServices.RuntimeHelpers:RunClassConstructor (System.RuntimeTypeHandle)
UnityEditor.EditorAssemblies:ProcessInitializeOnLoadAttributes (System.Type[])

(Filename: Assets/Samples/Lightship Maps SDK/0.4.0/Custom Map Layers Sample/Common/UnityLogging/UnityLogStream.cs Line: 36)

[V] <b><color=#90EE90>[Platform]</color></b> [Log] Added log stream 'Niantic.Platform.Debugging.Unity.UnityLogStream'
UnityEngine.StackTraceUtility:ExtractStackTrace ()
UnityEngine.DebugLogHandler:LogFormat (UnityEngine.LogType,UnityEngine.Object,string,object[])
UnityEngine.Logger:Log (UnityEngine.LogType,object)
UnityEngine.Debug:Log (object)
Niantic.Platform.Debugging.Unity.UnityLogStream:LogMessage (string,Niantic.Platform.Debugging.LogLevel,string) (at Assets/Samples/Lightship Maps SDK/0.4.0/Render-to-Texture Sample/Common/UnityLogging/UnityLogStream.cs:36)
Niantic.Platform.Debugging.LogService:LogToStreams (string,Niantic.Platform.Debugging.LogLevel,string)
Niantic.Platform.Debugging.LogService:LogMessage (string,Niantic.Platform.Debugging.LogLevel,string,object)
Niantic.Platform.Debugging.LogService:RegisterLogStream (Niantic.Platform.Debugging.ILogStream)
Niantic.Lightship.Maps.Samples.Common.Editor.EditorLogInitializer:.cctor () (at Assets/Samples/Lightship Maps SDK/0.4.0/Labels Sample/Common/Editor/EditorLogInitializer.cs:30)
System.Runtime.CompilerServices.RuntimeHelpers:RunClassConstructor (System.RuntimeTypeHandle)
UnityEditor.EditorAssemblies:ProcessInitializeOnLoadAttributes (System.Type[])

(Filename: Assets/Samples/Lightship Maps SDK/0.4.0/Render-to-Texture Sample/Common/UnityLogging/UnityLogStream.cs Line: 36)

[V] <b><color=#90EE90>[Platform]</color></b> [Log] Added log stream 'Niantic.Platform.Debugging.Unity.UnityLogStream'
UnityEngine.StackTraceUtility:ExtractStackTrace ()
UnityEngine.DebugLogHandler:LogFormat (UnityEngine.LogType,UnityEngine.Object,string,object[])
UnityEngine.Logger:Log (UnityEngine.LogType,object)
UnityEngine.Debug:Log (object)
Niantic.Platform.Debugging.Unity.UnityLogStream:LogMessage (string,Niantic.Platform.Debugging.LogLevel,string) (at Assets/Samples/Lightship Maps SDK/0.4.0/Top-Down Camera Sample/Common/UnityLogging/UnityLogStream.cs:36)
Niantic.Platform.Debugging.LogService:LogToStreams (string,Niantic.Platform.Debugging.LogLevel,string)
Niantic.Platform.Debugging.LogService:LogMessage (string,Niantic.Platform.Debugging.LogLevel,string,object)
Niantic.Platform.Debugging.LogService:RegisterLogStream (Niantic.Platform.Debugging.ILogStream)
Niantic.Lightship.Maps.Samples.Common.Editor.EditorLogInitializer:.cctor () (at Assets/Samples/Lightship Maps SDK/0.4.0/Labels Sample/Common/Editor/EditorLogInitializer.cs:30)
System.Runtime.CompilerServices.RuntimeHelpers:RunClassConstructor (System.RuntimeTypeHandle)
UnityEditor.EditorAssemblies:ProcessInitializeOnLoadAttributes (System.Type[])

(Filename: Assets/Samples/Lightship Maps SDK/0.4.0/Top-Down Camera Sample/Common/UnityLogging/UnityLogStream.cs Line: 36)

[V] <b><color=#90EE90>[Platform]</color></b> [Log] Added log stream 'Niantic.Platform.Debugging.Unity.UnityLogStream'
UnityEngine.StackTraceUtility:ExtractStackTrace ()
UnityEngine.DebugLogHandler:LogFormat (UnityEngine.LogType,UnityEngine.Object,string,object[])
UnityEngine.Logger:Log (UnityEngine.LogType,object)
UnityEngine.Debug:Log (object)
Niantic.Platform.Debugging.Unity.UnityLogStream:LogMessage (string,Niantic.Platform.Debugging.LogLevel,string) (at Assets/Samples/Lightship Maps SDK/0.4.0/Custom Map Layers Sample/Common/UnityLogging/UnityLogStream.cs:36)
Niantic.Platform.Debugging.LogService:LogToStreams (string,Niantic.Platform.Debugging.LogLevel,string)
Niantic.Platform.Debugging.LogService:LogMessage (string,Niantic.Platform.Debugging.LogLevel,string,object)
Niantic.Platform.Debugging.LogService:RegisterLogStream (Niantic.Platform.Debugging.ILogStream)
Niantic.Lightship.Maps.Samples.Common.Editor.EditorLogInitializer:.cctor () (at Assets/Samples/Lightship Maps SDK/0.4.0/Third-Person Camera Sample/Common/Editor/EditorLogInitializer.cs:30)
System.Runtime.CompilerServices.RuntimeHelpers:RunClassConstructor (System.RuntimeTypeHandle)
UnityEditor.EditorAssemblies:ProcessInitializeOnLoadAttributes (System.Type[])

(Filename: Assets/Samples/Lightship Maps SDK/0.4.0/Custom Map Layers Sample/Common/UnityLogging/UnityLogStream.cs Line: 36)

[V] <b><color=#90EE90>[Platform]</color></b> [Log] Added log stream 'Niantic.Platform.Debugging.Unity.UnityLogStream'
UnityEngine.StackTraceUtility:ExtractStackTrace ()
UnityEngine.DebugLogHandler:LogFormat (UnityEngine.LogType,UnityEngine.Object,string,object[])
UnityEngine.Logger:Log (UnityEngine.LogType,object)
UnityEngine.Debug:Log (object)
Niantic.Platform.Debugging.Unity.UnityLogStream:LogMessage (string,Niantic.Platform.Debugging.LogLevel,string) (at Assets/Samples/Lightship Maps SDK/0.4.0/Render-to-Texture Sample/Common/UnityLogging/UnityLogStream.cs:36)
Niantic.Platform.Debugging.LogService:LogToStreams (string,Niantic.Platform.Debugging.LogLevel,string)
Niantic.Platform.Debugging.LogService:LogMessage (string,Niantic.Platform.Debugging.LogLevel,string,object)
Niantic.Platform.Debugging.LogService:RegisterLogStream (Niantic.Platform.Debugging.ILogStream)
Niantic.Lightship.Maps.Samples.Common.Editor.EditorLogInitializer:.cctor () (at Assets/Samples/Lightship Maps SDK/0.4.0/Third-Person Camera Sample/Common/Editor/EditorLogInitializer.cs:30)
System.Runtime.CompilerServices.RuntimeHelpers:RunClassConstructor (System.RuntimeTypeHandle)
UnityEditor.EditorAssemblies:ProcessInitializeOnLoadAttributes (System.Type[])

(Filename: Assets/Samples/Lightship Maps SDK/0.4.0/Render-to-Texture Sample/Common/UnityLogging/UnityLogStream.cs Line: 36)

[V] <b><color=#90EE90>[Platform]</color></b> [Log] Added log stream 'Niantic.Platform.Debugging.Unity.UnityLogStream'
UnityEngine.StackTraceUtility:ExtractStackTrace ()
UnityEngine.DebugLogHandler:LogFormat (UnityEngine.LogType,UnityEngine.Object,string,object[])
UnityEngine.Logger:Log (UnityEngine.LogType,object)
UnityEngine.Debug:Log (object)
Niantic.Platform.Debugging.Unity.UnityLogStream:LogMessage (string,Niantic.Platform.Debugging.LogLevel,string) (at Assets/Samples/Lightship Maps SDK/0.4.0/Top-Down Camera Sample/Common/UnityLogging/UnityLogStream.cs:36)
Niantic.Platform.Debugging.LogService:LogToStreams (string,Niantic.Platform.Debugging.LogLevel,string)
Niantic.Platform.Debugging.LogService:LogMessage (string,Niantic.Platform.Debugging.LogLevel,string,object)
Niantic.Platform.Debugging.LogService:RegisterLogStream (Niantic.Platform.Debugging.ILogStream)
Niantic.Lightship.Maps.Samples.Common.Editor.EditorLogInitializer:.cctor () (at Assets/Samples/Lightship Maps SDK/0.4.0/Third-Person Camera Sample/Common/Editor/EditorLogInitializer.cs:30)
System.Runtime.CompilerServices.RuntimeHelpers:RunClassConstructor (System.RuntimeTypeHandle)
UnityEditor.EditorAssemblies:ProcessInitializeOnLoadAttributes (System.Type[])

(Filename: Assets/Samples/Lightship Maps SDK/0.4.0/Top-Down Camera Sample/Common/UnityLogging/UnityLogStream.cs Line: 36)

[V] <b><color=#90EE90>[Platform]</color></b> [Log] Added log stream 'Niantic.Platform.Debugging.Unity.UnityLogStream'
UnityEngine.StackTraceUtility:ExtractStackTrace ()
UnityEngine.DebugLogHandler:LogFormat (UnityEngine.LogType,UnityEngine.Object,string,object[])
UnityEngine.Logger:Log (UnityEngine.LogType,object)
UnityEngine.Debug:Log (object)
Niantic.Platform.Debugging.Unity.UnityLogStream:LogMessage (string,Niantic.Platform.Debugging.LogLevel,string) (at Assets/Samples/Lightship Maps SDK/0.4.0/Labels Sample/Common/UnityLogging/UnityLogStream.cs:36)
Niantic.Platform.Debugging.LogService:LogToStreams (string,Niantic.Platform.Debugging.LogLevel,string)
Niantic.Platform.Debugging.LogService:LogMessage (string,Niantic.Platform.Debugging.LogLevel,string,object)
Niantic.Platform.Debugging.LogService:RegisterLogStream (Niantic.Platform.Debugging.ILogStream)
Niantic.Lightship.Maps.Samples.Common.Editor.EditorLogInitializer:.cctor () (at Assets/Samples/Lightship Maps SDK/0.4.0/Third-Person Camera Sample/Common/Editor/EditorLogInitializer.cs:30)
System.Runtime.CompilerServices.RuntimeHelpers:RunClassConstructor (System.RuntimeTypeHandle)
UnityEditor.EditorAssemblies:ProcessInitializeOnLoadAttributes (System.Type[])

(Filename: Assets/Samples/Lightship Maps SDK/0.4.0/Labels Sample/Common/UnityLogging/UnityLogStream.cs Line: 36)

[V] <b><color=#90EE90>[Platform]</color></b> [Log] Added log stream 'Niantic.Platform.Debugging.Unity.UnityLogStream'
UnityEngine.StackTraceUtility:ExtractStackTrace ()
UnityEngine.DebugLogHandler:LogFormat (UnityEngine.LogType,UnityEngine.Object,string,object[])
UnityEngine.Logger:Log (UnityEngine.LogType,object)
UnityEngine.Debug:Log (object)
Niantic.Platform.Debugging.Unity.UnityLogStream:LogMessage (string,Niantic.Platform.Debugging.LogLevel,string) (at Assets/Samples/Lightship Maps SDK/0.4.0/Custom Map Layers Sample/Common/UnityLogging/UnityLogStream.cs:36)
Niantic.Platform.Debugging.LogService:LogToStreams (string,Niantic.Platform.Debugging.LogLevel,string)
Niantic.Platform.Debugging.LogService:LogMessage (string,Niantic.Platform.Debugging.LogLevel,string,object)
Niantic.Platform.Debugging.LogService:RegisterLogStream (Niantic.Platform.Debugging.ILogStream)
Niantic.Lightship.Maps.Samples.Common.Editor.EditorLogInitializer:.cctor () (at Assets/Samples/Lightship Maps SDK/0.4.0/Map Theming Sample/Common/Editor/EditorLogInitializer.cs:30)
System.Runtime.CompilerServices.RuntimeHelpers:RunClassConstructor (System.RuntimeTypeHandle)
UnityEditor.EditorAssemblies:ProcessInitializeOnLoadAttributes (System.Type[])

(Filename: Assets/Samples/Lightship Maps SDK/0.4.0/Custom Map Layers Sample/Common/UnityLogging/UnityLogStream.cs Line: 36)

[V] <b><color=#90EE90>[Platform]</color></b> [Log] Added log stream 'Niantic.Platform.Debugging.Unity.UnityLogStream'
UnityEngine.StackTraceUtility:ExtractStackTrace ()
UnityEngine.DebugLogHandler:LogFormat (UnityEngine.LogType,UnityEngine.Object,string,object[])
UnityEngine.Logger:Log (UnityEngine.LogType,object)
UnityEngine.Debug:Log (object)
Niantic.Platform.Debugging.Unity.UnityLogStream:LogMessage (string,Niantic.Platform.Debugging.LogLevel,string) (at Assets/Samples/Lightship Maps SDK/0.4.0/Render-to-Texture Sample/Common/UnityLogging/UnityLogStream.cs:36)
Niantic.Platform.Debugging.LogService:LogToStreams (string,Niantic.Platform.Debugging.LogLevel,string)
Niantic.Platform.Debugging.LogService:LogMessage (string,Niantic.Platform.Debugging.LogLevel,string,object)
Niantic.Platform.Debugging.LogService:RegisterLogStream (Niantic.Platform.Debugging.ILogStream)
Niantic.Lightship.Maps.Samples.Common.Editor.EditorLogInitializer:.cctor () (at Assets/Samples/Lightship Maps SDK/0.4.0/Map Theming Sample/Common/Editor/EditorLogInitializer.cs:30)
System.Runtime.CompilerServices.RuntimeHelpers:RunClassConstructor (System.RuntimeTypeHandle)
UnityEditor.EditorAssemblies:ProcessInitializeOnLoadAttributes (System.Type[])

(Filename: Assets/Samples/Lightship Maps SDK/0.4.0/Render-to-Texture Sample/Common/UnityLogging/UnityLogStream.cs Line: 36)

[V] <b><color=#90EE90>[Platform]</color></b> [Log] Added log stream 'Niantic.Platform.Debugging.Unity.UnityLogStream'
UnityEngine.StackTraceUtility:ExtractStackTrace ()
UnityEngine.DebugLogHandler:LogFormat (UnityEngine.LogType,UnityEngine.Object,string,object[])
UnityEngine.Logger:Log (UnityEngine.LogType,object)
UnityEngine.Debug:Log (object)
Niantic.Platform.Debugging.Unity.UnityLogStream:LogMessage (string,Niantic.Platform.Debugging.LogLevel,string) (at Assets/Samples/Lightship Maps SDK/0.4.0/Top-Down Camera Sample/Common/UnityLogging/UnityLogStream.cs:36)
Niantic.Platform.Debugging.LogService:LogToStreams (string,Niantic.Platform.Debugging.LogLevel,string)
Niantic.Platform.Debugging.LogService:LogMessage (string,Niantic.Platform.Debugging.LogLevel,string,object)
Niantic.Platform.Debugging.LogService:RegisterLogStream (Niantic.Platform.Debugging.ILogStream)
Niantic.Lightship.Maps.Samples.Common.Editor.EditorLogInitializer:.cctor () (at Assets/Samples/Lightship Maps SDK/0.4.0/Map Theming Sample/Common/Editor/EditorLogInitializer.cs:30)
System.Runtime.CompilerServices.RuntimeHelpers:RunClassConstructor (System.RuntimeTypeHandle)
UnityEditor.EditorAssemblies:ProcessInitializeOnLoadAttributes (System.Type[])

(Filename: Assets/Samples/Lightship Maps SDK/0.4.0/Top-Down Camera Sample/Common/UnityLogging/UnityLogStream.cs Line: 36)

[V] <b><color=#90EE90>[Platform]</color></b> [Log] Added log stream 'Niantic.Platform.Debugging.Unity.UnityLogStream'
UnityEngine.StackTraceUtility:ExtractStackTrace ()
UnityEngine.DebugLogHandler:LogFormat (UnityEngine.LogType,UnityEngine.Object,string,object[])
UnityEngine.Logger:Log (UnityEngine.LogType,object)
UnityEngine.Debug:Log (object)
Niantic.Platform.Debugging.Unity.UnityLogStream:LogMessage (string,Niantic.Platform.Debugging.LogLevel,string) (at Assets/Samples/Lightship Maps SDK/0.4.0/Labels Sample/Common/UnityLogging/UnityLogStream.cs:36)
Niantic.Platform.Debugging.LogService:LogToStreams (string,Niantic.Platform.Debugging.LogLevel,string)
Niantic.Platform.Debugging.LogService:LogMessage (string,Niantic.Platform.Debugging.LogLevel,string,object)
Niantic.Platform.Debugging.LogService:RegisterLogStream (Niantic.Platform.Debugging.ILogStream)
Niantic.Lightship.Maps.Samples.Common.Editor.EditorLogInitializer:.cctor () (at Assets/Samples/Lightship Maps SDK/0.4.0/Map Theming Sample/Common/Editor/EditorLogInitializer.cs:30)
System.Runtime.CompilerServices.RuntimeHelpers:RunClassConstructor (System.RuntimeTypeHandle)
UnityEditor.EditorAssemblies:ProcessInitializeOnLoadAttributes (System.Type[])

(Filename: Assets/Samples/Lightship Maps SDK/0.4.0/Labels Sample/Common/UnityLogging/UnityLogStream.cs Line: 36)

[V] <b><color=#90EE90>[Platform]</color></b> [Log] Added log stream 'Niantic.Platform.Debugging.Unity.UnityLogStream'
UnityEngine.StackTraceUtility:ExtractStackTrace ()
UnityEngine.DebugLogHandler:LogFormat (UnityEngine.LogType,UnityEngine.Object,string,object[])
UnityEngine.Logger:Log (UnityEngine.LogType,object)
UnityEngine.Debug:Log (object)
Niantic.Platform.Debugging.Unity.UnityLogStream:LogMessage (string,Niantic.Platform.Debugging.LogLevel,string) (at Assets/Samples/Lightship Maps SDK/0.4.0/Third-Person Camera Sample/Common/UnityLogging/UnityLogStream.cs:36)
Niantic.Platform.Debugging.LogService:LogToStreams (string,Niantic.Platform.Debugging.LogLevel,string)
Niantic.Platform.Debugging.LogService:LogMessage (string,Niantic.Platform.Debugging.LogLevel,string,object)
Niantic.Platform.Debugging.LogService:RegisterLogStream (Niantic.Platform.Debugging.ILogStream)
Niantic.Lightship.Maps.Samples.Common.Editor.EditorLogInitializer:.cctor () (at Assets/Samples/Lightship Maps SDK/0.4.0/Map Theming Sample/Common/Editor/EditorLogInitializer.cs:30)
System.Runtime.CompilerServices.RuntimeHelpers:RunClassConstructor (System.RuntimeTypeHandle)
UnityEditor.EditorAssemblies:ProcessInitializeOnLoadAttributes (System.Type[])

(Filename: Assets/Samples/Lightship Maps SDK/0.4.0/Third-Person Camera Sample/Common/UnityLogging/UnityLogStream.cs Line: 36)

[V] <b><color=#90EE90>[Platform]</color></b> [Log] Added log stream 'Niantic.Platform.Debugging.Unity.UnityLogStream'
UnityEngine.StackTraceUtility:ExtractStackTrace ()
UnityEngine.DebugLogHandler:LogFormat (UnityEngine.LogType,UnityEngine.Object,string,object[])
UnityEngine.Logger:Log (UnityEngine.LogType,object)
UnityEngine.Debug:Log (object)
Niantic.Platform.Debugging.Unity.UnityLogStream:LogMessage (string,Niantic.Platform.Debugging.LogLevel,string) (at Assets/Samples/Lightship Maps SDK/0.4.0/Custom Map Layers Sample/Common/UnityLogging/UnityLogStream.cs:36)
Niantic.Platform.Debugging.LogService:LogToStreams (string,Niantic.Platform.Debugging.LogLevel,string)
Niantic.Platform.Debugging.LogService:LogMessage (string,Niantic.Platform.Debugging.LogLevel,string,object)
Niantic.Platform.Debugging.LogService:RegisterLogStream (Niantic.Platform.Debugging.ILogStream)
Niantic.Lightship.Maps.Samples.Common.Editor.EditorLogInitializer:.cctor () (at Assets/Samples/Lightship Maps SDK/0.4.0/Multi-Language Labels Sample/Common/Editor/EditorLogInitializer.cs:30)
System.Runtime.CompilerServices.RuntimeHelpers:RunClassConstructor (System.RuntimeTypeHandle)
UnityEditor.EditorAssemblies:ProcessInitializeOnLoadAttributes (System.Type[])

(Filename: Assets/Samples/Lightship Maps SDK/0.4.0/Custom Map Layers Sample/Common/UnityLogging/UnityLogStream.cs Line: 36)

[V] <b><color=#90EE90>[Platform]</color></b> [Log] Added log stream 'Niantic.Platform.Debugging.Unity.UnityLogStream'
UnityEngine.StackTraceUtility:ExtractStackTrace ()
UnityEngine.DebugLogHandler:LogFormat (UnityEngine.LogType,UnityEngine.Object,string,object[])
UnityEngine.Logger:Log (UnityEngine.LogType,object)
UnityEngine.Debug:Log (object)
Niantic.Platform.Debugging.Unity.UnityLogStream:LogMessage (string,Niantic.Platform.Debugging.LogLevel,string) (at Assets/Samples/Lightship Maps SDK/0.4.0/Render-to-Texture Sample/Common/UnityLogging/UnityLogStream.cs:36)
Niantic.Platform.Debugging.LogService:LogToStreams (string,Niantic.Platform.Debugging.LogLevel,string)
Niantic.Platform.Debugging.LogService:LogMessage (string,Niantic.Platform.Debugging.LogLevel,string,object)
Niantic.Platform.Debugging.LogService:RegisterLogStream (Niantic.Platform.Debugging.ILogStream)
Niantic.Lightship.Maps.Samples.Common.Editor.EditorLogInitializer:.cctor () (at Assets/Samples/Lightship Maps SDK/0.4.0/Multi-Language Labels Sample/Common/Editor/EditorLogInitializer.cs:30)
System.Runtime.CompilerServices.RuntimeHelpers:RunClassConstructor (System.RuntimeTypeHandle)
UnityEditor.EditorAssemblies:ProcessInitializeOnLoadAttributes (System.Type[])

(Filename: Assets/Samples/Lightship Maps SDK/0.4.0/Render-to-Texture Sample/Common/UnityLogging/UnityLogStream.cs Line: 36)

[V] <b><color=#90EE90>[Platform]</color></b> [Log] Added log stream 'Niantic.Platform.Debugging.Unity.UnityLogStream'
UnityEngine.StackTraceUtility:ExtractStackTrace ()
UnityEngine.DebugLogHandler:LogFormat (UnityEngine.LogType,UnityEngine.Object,string,object[])
UnityEngine.Logger:Log (UnityEngine.LogType,object)
UnityEngine.Debug:Log (object)
Niantic.Platform.Debugging.Unity.UnityLogStream:LogMessage (string,Niantic.Platform.Debugging.LogLevel,string) (at Assets/Samples/Lightship Maps SDK/0.4.0/Top-Down Camera Sample/Common/UnityLogging/UnityLogStream.cs:36)
Niantic.Platform.Debugging.LogService:LogToStreams (string,Niantic.Platform.Debugging.LogLevel,string)
Niantic.Platform.Debugging.LogService:LogMessage (string,Niantic.Platform.Debugging.LogLevel,string,object)
Niantic.Platform.Debugging.LogService:RegisterLogStream (Niantic.Platform.Debugging.ILogStream)
Niantic.Lightship.Maps.Samples.Common.Editor.EditorLogInitializer:.cctor () (at Assets/Samples/Lightship Maps SDK/0.4.0/Multi-Language Labels Sample/Common/Editor/EditorLogInitializer.cs:30)
System.Runtime.CompilerServices.RuntimeHelpers:RunClassConstructor (System.RuntimeTypeHandle)
UnityEditor.EditorAssemblies:ProcessInitializeOnLoadAttributes (System.Type[])

(Filename: Assets/Samples/Lightship Maps SDK/0.4.0/Top-Down Camera Sample/Common/UnityLogging/UnityLogStream.cs Line: 36)

[V] <b><color=#90EE90>[Platform]</color></b> [Log] Added log stream 'Niantic.Platform.Debugging.Unity.UnityLogStream'
UnityEngine.StackTraceUtility:ExtractStackTrace ()
UnityEngine.DebugLogHandler:LogFormat (UnityEngine.LogType,UnityEngine.Object,string,object[])
UnityEngine.Logger:Log (UnityEngine.LogType,object)
UnityEngine.Debug:Log (object)
Niantic.Platform.Debugging.Unity.UnityLogStream:LogMessage (string,Niantic.Platform.Debugging.LogLevel,string) (at Assets/Samples/Lightship Maps SDK/0.4.0/Labels Sample/Common/UnityLogging/UnityLogStream.cs:36)
Niantic.Platform.Debugging.LogService:LogToStreams (string,Niantic.Platform.Debugging.LogLevel,string)
Niantic.Platform.Debugging.LogService:LogMessage (string,Niantic.Platform.Debugging.LogLevel,string,object)
Niantic.Platform.Debugging.LogService:RegisterLogStream (Niantic.Platform.Debugging.ILogStream)
Niantic.Lightship.Maps.Samples.Common.Editor.EditorLogInitializer:.cctor () (at Assets/Samples/Lightship Maps SDK/0.4.0/Multi-Language Labels Sample/Common/Editor/EditorLogInitializer.cs:30)
System.Runtime.CompilerServices.RuntimeHelpers:RunClassConstructor (System.RuntimeTypeHandle)
UnityEditor.EditorAssemblies:ProcessInitializeOnLoadAttributes (System.Type[])

(Filename: Assets/Samples/Lightship Maps SDK/0.4.0/Labels Sample/Common/UnityLogging/UnityLogStream.cs Line: 36)

[V] <b><color=#90EE90>[Platform]</color></b> [Log] Added log stream 'Niantic.Platform.Debugging.Unity.UnityLogStream'
UnityEngine.StackTraceUtility:ExtractStackTrace ()
UnityEngine.DebugLogHandler:LogFormat (UnityEngine.LogType,UnityEngine.Object,string,object[])
UnityEngine.Logger:Log (UnityEngine.LogType,object)
UnityEngine.Debug:Log (object)
Niantic.Platform.Debugging.Unity.UnityLogStream:LogMessage (string,Niantic.Platform.Debugging.LogLevel,string) (at Assets/Samples/Lightship Maps SDK/0.4.0/Third-Person Camera Sample/Common/UnityLogging/UnityLogStream.cs:36)
Niantic.Platform.Debugging.LogService:LogToStreams (string,Niantic.Platform.Debugging.LogLevel,string)
Niantic.Platform.Debugging.LogService:LogMessage (string,Niantic.Platform.Debugging.LogLevel,string,object)
Niantic.Platform.Debugging.LogService:RegisterLogStream (Niantic.Platform.Debugging.ILogStream)
Niantic.Lightship.Maps.Samples.Common.Editor.EditorLogInitializer:.cctor () (at Assets/Samples/Lightship Maps SDK/0.4.0/Multi-Language Labels Sample/Common/Editor/EditorLogInitializer.cs:30)
System.Runtime.CompilerServices.RuntimeHelpers:RunClassConstructor (System.RuntimeTypeHandle)
UnityEditor.EditorAssemblies:ProcessInitializeOnLoadAttributes (System.Type[])

(Filename: Assets/Samples/Lightship Maps SDK/0.4.0/Third-Person Camera Sample/Common/UnityLogging/UnityLogStream.cs Line: 36)

[V] <b><color=#90EE90>[Platform]</color></b> [Log] Added log stream 'Niantic.Platform.Debugging.Unity.UnityLogStream'
UnityEngine.StackTraceUtility:ExtractStackTrace ()
UnityEngine.DebugLogHandler:LogFormat (UnityEngine.LogType,UnityEngine.Object,string,object[])
UnityEngine.Logger:Log (UnityEngine.LogType,object)
UnityEngine.Debug:Log (object)
Niantic.Platform.Debugging.Unity.UnityLogStream:LogMessage (string,Niantic.Platform.Debugging.LogLevel,string) (at Assets/Samples/Lightship Maps SDK/0.4.0/Map Theming Sample/Common/UnityLogging/UnityLogStream.cs:36)
Niantic.Platform.Debugging.LogService:LogToStreams (string,Niantic.Platform.Debugging.LogLevel,string)
Niantic.Platform.Debugging.LogService:LogMessage (string,Niantic.Platform.Debugging.LogLevel,string,object)
Niantic.Platform.Debugging.LogService:RegisterLogStream (Niantic.Platform.Debugging.ILogStream)
Niantic.Lightship.Maps.Samples.Common.Editor.EditorLogInitializer:.cctor () (at Assets/Samples/Lightship Maps SDK/0.4.0/Multi-Language Labels Sample/Common/Editor/EditorLogInitializer.cs:30)
System.Runtime.CompilerServices.RuntimeHelpers:RunClassConstructor (System.RuntimeTypeHandle)
UnityEditor.EditorAssemblies:ProcessInitializeOnLoadAttributes (System.Type[])

(Filename: Assets/Samples/Lightship Maps SDK/0.4.0/Map Theming Sample/Common/UnityLogging/UnityLogStream.cs Line: 36)

[V] <b><color=#90EE90>[Platform]</color></b> [Log] Added log stream 'Niantic.Platform.Debugging.Unity.UnityLogStream'
UnityEngine.StackTraceUtility:ExtractStackTrace ()
UnityEngine.DebugLogHandler:LogFormat (UnityEngine.LogType,UnityEngine.Object,string,object[])
UnityEngine.Logger:Log (UnityEngine.LogType,object)
UnityEngine.Debug:Log (object)
Niantic.Platform.Debugging.Unity.UnityLogStream:LogMessage (string,Niantic.Platform.Debugging.LogLevel,string) (at Assets/Samples/Lightship Maps SDK/0.4.0/Custom Map Layers Sample/Common/UnityLogging/UnityLogStream.cs:36)
Niantic.Platform.Debugging.LogService:LogToStreams (string,Niantic.Platform.Debugging.LogLevel,string)
Niantic.Platform.Debugging.LogService:LogMessage (string,Niantic.Platform.Debugging.LogLevel,string,object)
Niantic.Platform.Debugging.LogService:RegisterLogStream (Niantic.Platform.Debugging.ILogStream)
Niantic.Lightship.Maps.Samples.Common.Editor.EditorLogInitializer:.cctor () (at Assets/Samples/Lightship Maps SDK/0.4.0/Map-Based Resource Game/Common/Editor/EditorLogInitializer.cs:30)
System.Runtime.CompilerServices.RuntimeHelpers:RunClassConstructor (System.RuntimeTypeHandle)
UnityEditor.EditorAssemblies:ProcessInitializeOnLoadAttributes (System.Type[])

(Filename: Assets/Samples/Lightship Maps SDK/0.4.0/Custom Map Layers Sample/Common/UnityLogging/UnityLogStream.cs Line: 36)

[V] <b><color=#90EE90>[Platform]</color></b> [Log] Added log stream 'Niantic.Platform.Debugging.Unity.UnityLogStream'
UnityEngine.StackTraceUtility:ExtractStackTrace ()
UnityEngine.DebugLogHandler:LogFormat (UnityEngine.LogType,UnityEngine.Object,string,object[])
UnityEngine.Logger:Log (UnityEngine.LogType,object)
UnityEngine.Debug:Log (object)
Niantic.Platform.Debugging.Unity.UnityLogStream:LogMessage (string,Niantic.Platform.Debugging.LogLevel,string) (at Assets/Samples/Lightship Maps SDK/0.4.0/Render-to-Texture Sample/Common/UnityLogging/UnityLogStream.cs:36)
Niantic.Platform.Debugging.LogService:LogToStreams (string,Niantic.Platform.Debugging.LogLevel,string)
Niantic.Platform.Debugging.LogService:LogMessage (string,Niantic.Platform.Debugging.LogLevel,string,object)
Niantic.Platform.Debugging.LogService:RegisterLogStream (Niantic.Platform.Debugging.ILogStream)
Niantic.Lightship.Maps.Samples.Common.Editor.EditorLogInitializer:.cctor () (at Assets/Samples/Lightship Maps SDK/0.4.0/Map-Based Resource Game/Common/Editor/EditorLogInitializer.cs:30)
System.Runtime.CompilerServices.RuntimeHelpers:RunClassConstructor (System.RuntimeTypeHandle)
UnityEditor.EditorAssemblies:ProcessInitializeOnLoadAttributes (System.Type[])

(Filename: Assets/Samples/Lightship Maps SDK/0.4.0/Render-to-Texture Sample/Common/UnityLogging/UnityLogStream.cs Line: 36)

[V] <b><color=#90EE90>[Platform]</color></b> [Log] Added log stream 'Niantic.Platform.Debugging.Unity.UnityLogStream'
UnityEngine.StackTraceUtility:ExtractStackTrace ()
UnityEngine.DebugLogHandler:LogFormat (UnityEngine.LogType,UnityEngine.Object,string,object[])
UnityEngine.Logger:Log (UnityEngine.LogType,object)
UnityEngine.Debug:Log (object)
Niantic.Platform.Debugging.Unity.UnityLogStream:LogMessage (string,Niantic.Platform.Debugging.LogLevel,string) (at Assets/Samples/Lightship Maps SDK/0.4.0/Top-Down Camera Sample/Common/UnityLogging/UnityLogStream.cs:36)
Niantic.Platform.Debugging.LogService:LogToStreams (string,Niantic.Platform.Debugging.LogLevel,string)
Niantic.Platform.Debugging.LogService:LogMessage (string,Niantic.Platform.Debugging.LogLevel,string,object)
Niantic.Platform.Debugging.LogService:RegisterLogStream (Niantic.Platform.Debugging.ILogStream)
Niantic.Lightship.Maps.Samples.Common.Editor.EditorLogInitializer:.cctor () (at Assets/Samples/Lightship Maps SDK/0.4.0/Map-Based Resource Game/Common/Editor/EditorLogInitializer.cs:30)
System.Runtime.CompilerServices.RuntimeHelpers:RunClassConstructor (System.RuntimeTypeHandle)
UnityEditor.EditorAssemblies:ProcessInitializeOnLoadAttributes (System.Type[])

(Filename: Assets/Samples/Lightship Maps SDK/0.4.0/Top-Down Camera Sample/Common/UnityLogging/UnityLogStream.cs Line: 36)

[V] <b><color=#90EE90>[Platform]</color></b> [Log] Added log stream 'Niantic.Platform.Debugging.Unity.UnityLogStream'
UnityEngine.StackTraceUtility:ExtractStackTrace ()
UnityEngine.DebugLogHandler:LogFormat (UnityEngine.LogType,UnityEngine.Object,string,object[])
UnityEngine.Logger:Log (UnityEngine.LogType,object)
UnityEngine.Debug:Log (object)
Niantic.Platform.Debugging.Unity.UnityLogStream:LogMessage (string,Niantic.Platform.Debugging.LogLevel,string) (at Assets/Samples/Lightship Maps SDK/0.4.0/Labels Sample/Common/UnityLogging/UnityLogStream.cs:36)
Niantic.Platform.Debugging.LogService:LogToStreams (string,Niantic.Platform.Debugging.LogLevel,string)
Niantic.Platform.Debugging.LogService:LogMessage (string,Niantic.Platform.Debugging.LogLevel,string,object)
Niantic.Platform.Debugging.LogService:RegisterLogStream (Niantic.Platform.Debugging.ILogStream)
Niantic.Lightship.Maps.Samples.Common.Editor.EditorLogInitializer:.cctor () (at Assets/Samples/Lightship Maps SDK/0.4.0/Map-Based Resource Game/Common/Editor/EditorLogInitializer.cs:30)
System.Runtime.CompilerServices.RuntimeHelpers:RunClassConstructor (System.RuntimeTypeHandle)
UnityEditor.EditorAssemblies:ProcessInitializeOnLoadAttributes (System.Type[])

(Filename: Assets/Samples/Lightship Maps SDK/0.4.0/Labels Sample/Common/UnityLogging/UnityLogStream.cs Line: 36)

[V] <b><color=#90EE90>[Platform]</color></b> [Log] Added log stream 'Niantic.Platform.Debugging.Unity.UnityLogStream'
UnityEngine.StackTraceUtility:ExtractStackTrace ()
UnityEngine.DebugLogHandler:LogFormat (UnityEngine.LogType,UnityEngine.Object,string,object[])
UnityEngine.Logger:Log (UnityEngine.LogType,object)
UnityEngine.Debug:Log (object)
Niantic.Platform.Debugging.Unity.UnityLogStream:LogMessage (string,Niantic.Platform.Debugging.LogLevel,string) (at Assets/Samples/Lightship Maps SDK/0.4.0/Third-Person Camera Sample/Common/UnityLogging/UnityLogStream.cs:36)
Niantic.Platform.Debugging.LogService:LogToStreams (string,Niantic.Platform.Debugging.LogLevel,string)
Niantic.Platform.Debugging.LogService:LogMessage (string,Niantic.Platform.Debugging.LogLevel,string,object)
Niantic.Platform.Debugging.LogService:RegisterLogStream (Niantic.Platform.Debugging.ILogStream)
Niantic.Lightship.Maps.Samples.Common.Editor.EditorLogInitializer:.cctor () (at Assets/Samples/Lightship Maps SDK/0.4.0/Map-Based Resource Game/Common/Editor/EditorLogInitializer.cs:30)
System.Runtime.CompilerServices.RuntimeHelpers:RunClassConstructor (System.RuntimeTypeHandle)
UnityEditor.EditorAssemblies:ProcessInitializeOnLoadAttributes (System.Type[])

(Filename: Assets/Samples/Lightship Maps SDK/0.4.0/Third-Person Camera Sample/Common/UnityLogging/UnityLogStream.cs Line: 36)

[V] <b><color=#90EE90>[Platform]</color></b> [Log] Added log stream 'Niantic.Platform.Debugging.Unity.UnityLogStream'
UnityEngine.StackTraceUtility:ExtractStackTrace ()
UnityEngine.DebugLogHandler:LogFormat (UnityEngine.LogType,UnityEngine.Object,string,object[])
UnityEngine.Logger:Log (UnityEngine.LogType,object)
UnityEngine.Debug:Log (object)
Niantic.Platform.Debugging.Unity.UnityLogStream:LogMessage (string,Niantic.Platform.Debugging.LogLevel,string) (at Assets/Samples/Lightship Maps SDK/0.4.0/Map Theming Sample/Common/UnityLogging/UnityLogStream.cs:36)
Niantic.Platform.Debugging.LogService:LogToStreams (string,Niantic.Platform.Debugging.LogLevel,string)
Niantic.Platform.Debugging.LogService:LogMessage (string,Niantic.Platform.Debugging.LogLevel,string,object)
Niantic.Platform.Debugging.LogService:RegisterLogStream (Niantic.Platform.Debugging.ILogStream)
Niantic.Lightship.Maps.Samples.Common.Editor.EditorLogInitializer:.cctor () (at Assets/Samples/Lightship Maps SDK/0.4.0/Map-Based Resource Game/Common/Editor/EditorLogInitializer.cs:30)
System.Runtime.CompilerServices.RuntimeHelpers:RunClassConstructor (System.RuntimeTypeHandle)
UnityEditor.EditorAssemblies:ProcessInitializeOnLoadAttributes (System.Type[])

(Filename: Assets/Samples/Lightship Maps SDK/0.4.0/Map Theming Sample/Common/UnityLogging/UnityLogStream.cs Line: 36)

[V] <b><color=#90EE90>[Platform]</color></b> [Log] Added log stream 'Niantic.Platform.Debugging.Unity.UnityLogStream'
UnityEngine.StackTraceUtility:ExtractStackTrace ()
UnityEngine.DebugLogHandler:LogFormat (UnityEngine.LogType,UnityEngine.Object,string,object[])
UnityEngine.Logger:Log (UnityEngine.LogType,object)
UnityEngine.Debug:Log (object)
Niantic.Platform.Debugging.Unity.UnityLogStream:LogMessage (string,Niantic.Platform.Debugging.LogLevel,string) (at Assets/Samples/Lightship Maps SDK/0.4.0/Multi-Language Labels Sample/Common/UnityLogging/UnityLogStream.cs:36)
Niantic.Platform.Debugging.LogService:LogToStreams (string,Niantic.Platform.Debugging.LogLevel,string)
Niantic.Platform.Debugging.LogService:LogMessage (string,Niantic.Platform.Debugging.LogLevel,string,object)
Niantic.Platform.Debugging.LogService:RegisterLogStream (Niantic.Platform.Debugging.ILogStream)
Niantic.Lightship.Maps.Samples.Common.Editor.EditorLogInitializer:.cctor () (at Assets/Samples/Lightship Maps SDK/0.4.0/Map-Based Resource Game/Common/Editor/EditorLogInitializer.cs:30)
System.Runtime.CompilerServices.RuntimeHelpers:RunClassConstructor (System.RuntimeTypeHandle)
UnityEditor.EditorAssemblies:ProcessInitializeOnLoadAttributes (System.Type[])

(Filename: Assets/Samples/Lightship Maps SDK/0.4.0/Multi-Language Labels Sample/Common/UnityLogging/UnityLogStream.cs Line: 36)

Mono: successfully reloaded assembly
- Finished resetting the current domain, in  0.846 seconds
Domain Reload Profiling: 1712ms
	BeginReloadAssembly (175ms)
		ExecutionOrderSort (0ms)
		DisableScriptedObjects (6ms)
		BackupInstance (0ms)
		ReleaseScriptingObjects (0ms)
		CreateAndSetChildDomain (28ms)
	RebuildCommonClasses (42ms)
	RebuildNativeTypeToScriptingClass (12ms)
	initialDomainReloadingComplete (44ms)
	LoadAllAssembliesAndSetupDomain (592ms)
		LoadAssemblies (424ms)
		RebuildTransferFunctionScriptingTraits (0ms)
		AnalyzeDomain (269ms)
			TypeCache.Refresh (224ms)
				TypeCache.ScanAssembly (201ms)
			ScanForSourceGeneratedMonoScriptInfo (31ms)
			ResolveRequiredComponents (13ms)
	FinalizeReload (847ms)
		ReleaseScriptCaches (0ms)
		RebuildScriptCaches (0ms)
		SetupLoadedEditorAssemblies (649ms)
			LogAssemblyErrors (0ms)
			InitializePlatformSupportModulesInManaged (18ms)
			SetLoadedEditorAssemblies (4ms)
			RefreshPlugins (0ms)
			BeforeProcessingInitializeOnLoad (81ms)
			ProcessInitializeOnLoadAttributes (442ms)
			ProcessInitializeOnLoadMethodAttributes (102ms)
			AfterProcessingInitializeOnLoad (2ms)
			EditorAssembliesLoaded (0ms)
		ExecutionOrderSort2 (0ms)
		AwakeInstancesAfterBackupRestoration (6ms)
Launched and connected shader compiler UnityShaderCompiler.exe after 0.06 seconds
Refreshing native plugins compatible for Editor in 6.01 ms, found 4 plugins.
Preloading 0 native plugins for Editor in 0.00 ms.
Unloading 5345 Unused Serialized files (Serialized files now loaded: 0)
Unloading 47 unused Assets / (1.1 MB). Loaded Objects now: 5787.
Memory consumption went from 244.2 MB to 243.1 MB.
Total: 4.933500 ms (FindLiveObjects: 0.751500 ms CreateObjectMapping: 0.191600 ms MarkObjects: 3.399100 ms  DeleteObjects: 0.589300 ms)

AssetImportParameters requested are different than current active one (requested -> active):
  custom:container-demuxer-ogg: 62fdf1f143b41e24485cea50d1cbac27 -> 
  custom:video-decoder-ogg-theora: a1e56fd34408186e4bbccfd4996cb3dc -> 
  custom:framework-win-MediaFoundation: 216162199b28c13a410421893ffa2e32 -> 
  custom:CustomObjectIndexerAttribute: 72b91833f83ae208fae7752999fa3104 -> 
  custom:container-demuxer-webm: 4f35f7cbe854078d1ac9338744f61a02 -> 
  custom:container-muxer-webm: aa71ff27fc2769a1b78a27578f13a17b -> 
  custom:video-decoder-webm-vp8: 9c59270c3fd7afecdb556c50c9e8de78 -> 
  custom:SearchIndexIgnoredProperties: e643bd26f0fe6173181afceb89e7c659 -> 
  custom:AudioImporter_EditorPlatform: d09bf68614088b80899f8185d706f6e7 -> 
  custom:video-encoder-webm-vp8: eb34c28f22e8b96e1ab97ce403110664 -> 
  custom:audio-decoder-ogg-vorbis: bf7c407c2cedff20999df2af8eb42d56 -> 
  custom:audio-encoder-webm-vorbis: bf7c407c2cedff20999df2af8eb42d56 -> 
========================================================================
Received Import Request.
  Time since last request: 9652.747030 seconds.
  path: Assets/Samples/Lightship Maps SDK/0.4.0/Multi-Language Labels Sample/FeatureLabelsLanguageTheme_Standard.prefab
  artifactKey: Guid(6b8e74a80edc043889e6ffd2abe11aca) Importer(815301076,1909f56bfc062723c751e8b465ee728b)
Start importing Assets/Samples/Lightship Maps SDK/0.4.0/Multi-Language Labels Sample/FeatureLabelsLanguageTheme_Standard.prefab using Guid(6b8e74a80edc043889e6ffd2abe11aca) Importer(815301076,1909f56bfc062723c751e8b465ee728b) [PhysX] Initialized MultithreadedTaskDispatcher with 16 workers.
[V] <b><color=#90EE90>[Platform]</color></b> [Log] Set max log level for channel 'LinearFeatureBuilderAsync' to 'Info'
UnityEngine.StackTraceUtility:ExtractStackTrace ()
UnityEngine.DebugLogHandler:LogFormat (UnityEngine.LogType,UnityEngine.Object,string,object[])
UnityEngine.Logger:Log (UnityEngine.LogType,object)
UnityEngine.Debug:Log (object)
Niantic.Platform.Debugging.Unity.UnityLogStream:LogMessage (string,Niantic.Platform.Debugging.LogLevel,string) (at Assets/Samples/Lightship Maps SDK/0.4.0/Custom Map Layers Sample/Common/UnityLogging/UnityLogStream.cs:36)
Niantic.Platform.Debugging.LogService:LogToStreams (string,Niantic.Platform.Debugging.LogLevel,string)
Niantic.Platform.Debugging.LogService:LogMessage (string,Niantic.Platform.Debugging.LogLevel,string,object,object)
Niantic.Platform.Debugging.LogService:SetMaxLogLevelForChannel (string,Niantic.Platform.Debugging.LogLevel)
Niantic.Lightship.Maps.Utilities.ChannelLogger:set_MaxLogLevel (Niantic.Platform.Debugging.LogLevel) (at ./Library/PackageCache/com.niantic.lightship.maps@fb4247cae5/Runtime/Niantic.Lightship.Maps/Utilities/ChannelLogger.cs:34)
Niantic.Lightship.Maps.Utilities.ChannelLogger:.ctor (string,Niantic.Platform.Debugging.LogLevel) (at ./Library/PackageCache/com.niantic.lightship.maps@fb4247cae5/Runtime/Niantic.Lightship.Maps/Utilities/ChannelLogger.cs:46)
Niantic.Lightship.Maps.Builders.Performance.LinearFeatures.LinearFeatureBuilderAsync:.cctor () (at ./Library/PackageCache/com.niantic.lightship.maps@fb4247cae5/Runtime/Niantic.Lightship.Maps/Builders/Performance/LinearFeatures/LinearFeatureBuilderAsync.cs:73)

(Filename: Assets/Samples/Lightship Maps SDK/0.4.0/Custom Map Layers Sample/Common/UnityLogging/UnityLogStream.cs Line: 36)

[V] <b><color=#90EE90>[Platform]</color></b> [Log] Set max log level for channel 'LinearFeatureBuilderAsync' to 'Info'
UnityEngine.StackTraceUtility:ExtractStackTrace ()
UnityEngine.DebugLogHandler:LogFormat (UnityEngine.LogType,UnityEngine.Object,string,object[])
UnityEngine.Logger:Log (UnityEngine.LogType,object)
UnityEngine.Debug:Log (object)
Niantic.Platform.Debugging.Unity.UnityLogStream:LogMessage (string,Niantic.Platform.Debugging.LogLevel,string) (at Assets/Samples/Lightship Maps SDK/0.4.0/Render-to-Texture Sample/Common/UnityLogging/UnityLogStream.cs:36)
Niantic.Platform.Debugging.LogService:LogToStreams (string,Niantic.Platform.Debugging.LogLevel,string)
Niantic.Platform.Debugging.LogService:LogMessage (string,Niantic.Platform.Debugging.LogLevel,string,object,object)
Niantic.Platform.Debugging.LogService:SetMaxLogLevelForChannel (string,Niantic.Platform.Debugging.LogLevel)
Niantic.Lightship.Maps.Utilities.ChannelLogger:set_MaxLogLevel (Niantic.Platform.Debugging.LogLevel) (at ./Library/PackageCache/com.niantic.lightship.maps@fb4247cae5/Runtime/Niantic.Lightship.Maps/Utilities/ChannelLogger.cs:34)
Niantic.Lightship.Maps.Utilities.ChannelLogger:.ctor (string,Niantic.Platform.Debugging.LogLevel) (at ./Library/PackageCache/com.niantic.lightship.maps@fb4247cae5/Runtime/Niantic.Lightship.Maps/Utilities/ChannelLogger.cs:46)
Niantic.Lightship.Maps.Builders.Performance.LinearFeatures.LinearFeatureBuilderAsync:.cctor () (at ./Library/PackageCache/com.niantic.lightship.maps@fb4247cae5/Runtime/Niantic.Lightship.Maps/Builders/Performance/LinearFeatures/LinearFeatureBuilderAsync.cs:73)

(Filename: Assets/Samples/Lightship Maps SDK/0.4.0/Render-to-Texture Sample/Common/UnityLogging/UnityLogStream.cs Line: 36)

[V] <b><color=#90EE90>[Platform]</color></b> [Log] Set max log level for channel 'LinearFeatureBuilderAsync' to 'Info'
UnityEngine.StackTraceUtility:ExtractStackTrace ()
UnityEngine.DebugLogHandler:LogFormat (UnityEngine.LogType,UnityEngine.Object,string,object[])
UnityEngine.Logger:Log (UnityEngine.LogType,object)
UnityEngine.Debug:Log (object)
Niantic.Platform.Debugging.Unity.UnityLogStream:LogMessage (string,Niantic.Platform.Debugging.LogLevel,string) (at Assets/Samples/Lightship Maps SDK/0.4.0/Top-Down Camera Sample/Common/UnityLogging/UnityLogStream.cs:36)
Niantic.Platform.Debugging.LogService:LogToStreams (string,Niantic.Platform.Debugging.LogLevel,string)
Niantic.Platform.Debugging.LogService:LogMessage (string,Niantic.Platform.Debugging.LogLevel,string,object,object)
Niantic.Platform.Debugging.LogService:SetMaxLogLevelForChannel (string,Niantic.Platform.Debugging.LogLevel)
Niantic.Lightship.Maps.Utilities.ChannelLogger:set_MaxLogLevel (Niantic.Platform.Debugging.LogLevel) (at ./Library/PackageCache/com.niantic.lightship.maps@fb4247cae5/Runtime/Niantic.Lightship.Maps/Utilities/ChannelLogger.cs:34)
Niantic.Lightship.Maps.Utilities.ChannelLogger:.ctor (string,Niantic.Platform.Debugging.LogLevel) (at ./Library/PackageCache/com.niantic.lightship.maps@fb4247cae5/Runtime/Niantic.Lightship.Maps/Utilities/ChannelLogger.cs:46)
Niantic.Lightship.Maps.Builders.Performance.LinearFeatures.LinearFeatureBuilderAsync:.cctor () (at ./Library/PackageCache/com.niantic.lightship.maps@fb4247cae5/Runtime/Niantic.Lightship.Maps/Builders/Performance/LinearFeatures/LinearFeatureBuilderAsync.cs:73)

(Filename: Assets/Samples/Lightship Maps SDK/0.4.0/Top-Down Camera Sample/Common/UnityLogging/UnityLogStream.cs Line: 36)

[V] <b><color=#90EE90>[Platform]</color></b> [Log] Set max log level for channel 'LinearFeatureBuilderAsync' to 'Info'
UnityEngine.StackTraceUtility:ExtractStackTrace ()
UnityEngine.DebugLogHandler:LogFormat (UnityEngine.LogType,UnityEngine.Object,string,object[])
UnityEngine.Logger:Log (UnityEngine.LogType,object)
UnityEngine.Debug:Log (object)
Niantic.Platform.Debugging.Unity.UnityLogStream:LogMessage (string,Niantic.Platform.Debugging.LogLevel,string) (at Assets/Samples/Lightship Maps SDK/0.4.0/Labels Sample/Common/UnityLogging/UnityLogStream.cs:36)
Niantic.Platform.Debugging.LogService:LogToStreams (string,Niantic.Platform.Debugging.LogLevel,string)
Niantic.Platform.Debugging.LogService:LogMessage (string,Niantic.Platform.Debugging.LogLevel,string,object,object)
Niantic.Platform.Debugging.LogService:SetMaxLogLevelForChannel (string,Niantic.Platform.Debugging.LogLevel)
Niantic.Lightship.Maps.Utilities.ChannelLogger:set_MaxLogLevel (Niantic.Platform.Debugging.LogLevel) (at ./Library/PackageCache/com.niantic.lightship.maps@fb4247cae5/Runtime/Niantic.Lightship.Maps/Utilities/ChannelLogger.cs:34)
Niantic.Lightship.Maps.Utilities.ChannelLogger:.ctor (string,Niantic.Platform.Debugging.LogLevel) (at ./Library/PackageCache/com.niantic.lightship.maps@fb4247cae5/Runtime/Niantic.Lightship.Maps/Utilities/ChannelLogger.cs:46)
Niantic.Lightship.Maps.Builders.Performance.LinearFeatures.LinearFeatureBuilderAsync:.cctor () (at ./Library/PackageCache/com.niantic.lightship.maps@fb4247cae5/Runtime/Niantic.Lightship.Maps/Builders/Performance/LinearFeatures/LinearFeatureBuilderAsync.cs:73)

(Filename: Assets/Samples/Lightship Maps SDK/0.4.0/Labels Sample/Common/UnityLogging/UnityLogStream.cs Line: 36)

[V] <b><color=#90EE90>[Platform]</color></b> [Log] Set max log level for channel 'LinearFeatureBuilderAsync' to 'Info'
UnityEngine.StackTraceUtility:ExtractStackTrace ()
UnityEngine.DebugLogHandler:LogFormat (UnityEngine.LogType,UnityEngine.Object,string,object[])
UnityEngine.Logger:Log (UnityEngine.LogType,object)
UnityEngine.Debug:Log (object)
Niantic.Platform.Debugging.Unity.UnityLogStream:LogMessage (string,Niantic.Platform.Debugging.LogLevel,string) (at Assets/Samples/Lightship Maps SDK/0.4.0/Third-Person Camera Sample/Common/UnityLogging/UnityLogStream.cs:36)
Niantic.Platform.Debugging.LogService:LogToStreams (string,Niantic.Platform.Debugging.LogLevel,string)
Niantic.Platform.Debugging.LogService:LogMessage (string,Niantic.Platform.Debugging.LogLevel,string,object,object)
Niantic.Platform.Debugging.LogService:SetMaxLogLevelForChannel (string,Niantic.Platform.Debugging.LogLevel)
Niantic.Lightship.Maps.Utilities.ChannelLogger:set_MaxLogLevel (Niantic.Platform.Debugging.LogLevel) (at ./Library/PackageCache/com.niantic.lightship.maps@fb4247cae5/Runtime/Niantic.Lightship.Maps/Utilities/ChannelLogger.cs:34)
Niantic.Lightship.Maps.Utilities.ChannelLogger:.ctor (string,Niantic.Platform.Debugging.LogLevel) (at ./Library/PackageCache/com.niantic.lightship.maps@fb4247cae5/Runtime/Niantic.Lightship.Maps/Utilities/ChannelLogger.cs:46)
Niantic.Lightship.Maps.Builders.Performance.LinearFeatures.LinearFeatureBuilderAsync:.cctor () (at ./Library/PackageCache/com.niantic.lightship.maps@fb4247cae5/Runtime/Niantic.Lightship.Maps/Builders/Performance/LinearFeatures/LinearFeatureBuilderAsync.cs:73)

(Filename: Assets/Samples/Lightship Maps SDK/0.4.0/Third-Person Camera Sample/Common/UnityLogging/UnityLogStream.cs Line: 36)

[V] <b><color=#90EE90>[Platform]</color></b> [Log] Set max log level for channel 'LinearFeatureBuilderAsync' to 'Info'
UnityEngine.StackTraceUtility:ExtractStackTrace ()
UnityEngine.DebugLogHandler:LogFormat (UnityEngine.LogType,UnityEngine.Object,string,object[])
UnityEngine.Logger:Log (UnityEngine.LogType,object)
UnityEngine.Debug:Log (object)
Niantic.Platform.Debugging.Unity.UnityLogStream:LogMessage (string,Niantic.Platform.Debugging.LogLevel,string) (at Assets/Samples/Lightship Maps SDK/0.4.0/Map Theming Sample/Common/UnityLogging/UnityLogStream.cs:36)
Niantic.Platform.Debugging.LogService:LogToStreams (string,Niantic.Platform.Debugging.LogLevel,string)
Niantic.Platform.Debugging.LogService:LogMessage (string,Niantic.Platform.Debugging.LogLevel,string,object,object)
Niantic.Platform.Debugging.LogService:SetMaxLogLevelForChannel (string,Niantic.Platform.Debugging.LogLevel)
Niantic.Lightship.Maps.Utilities.ChannelLogger:set_MaxLogLevel (Niantic.Platform.Debugging.LogLevel) (at ./Library/PackageCache/com.niantic.lightship.maps@fb4247cae5/Runtime/Niantic.Lightship.Maps/Utilities/ChannelLogger.cs:34)
Niantic.Lightship.Maps.Utilities.ChannelLogger:.ctor (string,Niantic.Platform.Debugging.LogLevel) (at ./Library/PackageCache/com.niantic.lightship.maps@fb4247cae5/Runtime/Niantic.Lightship.Maps/Utilities/ChannelLogger.cs:46)
Niantic.Lightship.Maps.Builders.Performance.LinearFeatures.LinearFeatureBuilderAsync:.cctor () (at ./Library/PackageCache/com.niantic.lightship.maps@fb4247cae5/Runtime/Niantic.Lightship.Maps/Builders/Performance/LinearFeatures/LinearFeatureBuilderAsync.cs:73)

(Filename: Assets/Samples/Lightship Maps SDK/0.4.0/Map Theming Sample/Common/UnityLogging/UnityLogStream.cs Line: 36)

[V] <b><color=#90EE90>[Platform]</color></b> [Log] Set max log level for channel 'LinearFeatureBuilderAsync' to 'Info'
UnityEngine.StackTraceUtility:ExtractStackTrace ()
UnityEngine.DebugLogHandler:LogFormat (UnityEngine.LogType,UnityEngine.Object,string,object[])
UnityEngine.Logger:Log (UnityEngine.LogType,object)
UnityEngine.Debug:Log (object)
Niantic.Platform.Debugging.Unity.UnityLogStream:LogMessage (string,Niantic.Platform.Debugging.LogLevel,string) (at Assets/Samples/Lightship Maps SDK/0.4.0/Multi-Language Labels Sample/Common/UnityLogging/UnityLogStream.cs:36)
Niantic.Platform.Debugging.LogService:LogToStreams (string,Niantic.Platform.Debugging.LogLevel,string)
Niantic.Platform.Debugging.LogService:LogMessage (string,Niantic.Platform.Debugging.LogLevel,string,object,object)
Niantic.Platform.Debugging.LogService:SetMaxLogLevelForChannel (string,Niantic.Platform.Debugging.LogLevel)
Niantic.Lightship.Maps.Utilities.ChannelLogger:set_MaxLogLevel (Niantic.Platform.Debugging.LogLevel) (at ./Library/PackageCache/com.niantic.lightship.maps@fb4247cae5/Runtime/Niantic.Lightship.Maps/Utilities/ChannelLogger.cs:34)
Niantic.Lightship.Maps.Utilities.ChannelLogger:.ctor (string,Niantic.Platform.Debugging.LogLevel) (at ./Library/PackageCache/com.niantic.lightship.maps@fb4247cae5/Runtime/Niantic.Lightship.Maps/Utilities/ChannelLogger.cs:46)
Niantic.Lightship.Maps.Builders.Performance.LinearFeatures.LinearFeatureBuilderAsync:.cctor () (at ./Library/PackageCache/com.niantic.lightship.maps@fb4247cae5/Runtime/Niantic.Lightship.Maps/Builders/Performance/LinearFeatures/LinearFeatureBuilderAsync.cs:73)

(Filename: Assets/Samples/Lightship Maps SDK/0.4.0/Multi-Language Labels Sample/Common/UnityLogging/UnityLogStream.cs Line: 36)

[V] <b><color=#90EE90>[Platform]</color></b> [Log] Set max log level for channel 'LinearFeatureBuilderAsync' to 'Info'
UnityEngine.StackTraceUtility:ExtractStackTrace ()
UnityEngine.DebugLogHandler:LogFormat (UnityEngine.LogType,UnityEngine.Object,string,object[])
UnityEngine.Logger:Log (UnityEngine.LogType,object)
UnityEngine.Debug:Log (object)
Niantic.Platform.Debugging.Unity.UnityLogStream:LogMessage (string,Niantic.Platform.Debugging.LogLevel,string) (at Assets/Samples/Lightship Maps SDK/0.4.0/Map-Based Resource Game/Common/UnityLogging/UnityLogStream.cs:36)
Niantic.Platform.Debugging.LogService:LogToStreams (string,Niantic.Platform.Debugging.LogLevel,string)
Niantic.Platform.Debugging.LogService:LogMessage (string,Niantic.Platform.Debugging.LogLevel,string,object,object)
Niantic.Platform.Debugging.LogService:SetMaxLogLevelForChannel (string,Niantic.Platform.Debugging.LogLevel)
Niantic.Lightship.Maps.Utilities.ChannelLogger:set_MaxLogLevel (Niantic.Platform.Debugging.LogLevel) (at ./Library/PackageCache/com.niantic.lightship.maps@fb4247cae5/Runtime/Niantic.Lightship.Maps/Utilities/ChannelLogger.cs:34)
Niantic.Lightship.Maps.Utilities.ChannelLogger:.ctor (string,Niantic.Platform.Debugging.LogLevel) (at ./Library/PackageCache/com.niantic.lightship.maps@fb4247cae5/Runtime/Niantic.Lightship.Maps/Utilities/ChannelLogger.cs:46)
Niantic.Lightship.Maps.Builders.Performance.LinearFeatures.LinearFeatureBuilderAsync:.cctor () (at ./Library/PackageCache/com.niantic.lightship.maps@fb4247cae5/Runtime/Niantic.Lightship.Maps/Builders/Performance/LinearFeatures/LinearFeatureBuilderAsync.cs:73)

(Filename: Assets/Samples/Lightship Maps SDK/0.4.0/Map-Based Resource Game/Common/UnityLogging/UnityLogStream.cs Line: 36)

[V] <b><color=#90EE90>[Platform]</color></b> [Log] Set max log level for channel 'LabelBuilder' to 'Info'
UnityEngine.StackTraceUtility:ExtractStackTrace ()
UnityEngine.DebugLogHandler:LogFormat (UnityEngine.LogType,UnityEngine.Object,string,object[])
UnityEngine.Logger:Log (UnityEngine.LogType,object)
UnityEngine.Debug:Log (object)
Niantic.Platform.Debugging.Unity.UnityLogStream:LogMessage (string,Niantic.Platform.Debugging.LogLevel,string) (at Assets/Samples/Lightship Maps SDK/0.4.0/Custom Map Layers Sample/Common/UnityLogging/UnityLogStream.cs:36)
Niantic.Platform.Debugging.LogService:LogToStreams (string,Niantic.Platform.Debugging.LogLevel,string)
Niantic.Platform.Debugging.LogService:LogMessage (string,Niantic.Platform.Debugging.LogLevel,string,object,object)
Niantic.Platform.Debugging.LogService:SetMaxLogLevelForChannel (string,Niantic.Platform.Debugging.LogLevel)
Niantic.Lightship.Maps.Utilities.ChannelLogger:set_MaxLogLevel (Niantic.Platform.Debugging.LogLevel) (at ./Library/PackageCache/com.niantic.lightship.maps@fb4247cae5/Runtime/Niantic.Lightship.Maps/Utilities/ChannelLogger.cs:34)
Niantic.Lightship.Maps.Utilities.ChannelLogger:.ctor (string,Niantic.Platform.Debugging.LogLevel) (at ./Library/PackageCache/com.niantic.lightship.maps@fb4247cae5/Runtime/Niantic.Lightship.Maps/Utilities/ChannelLogger.cs:46)
Niantic.Lightship.Maps.SampleAssets.Experimental.Labels.LabelBuilder`1<Niantic.Lightship.Maps.SampleAssets.Experimental.Labels.TextMeshLabel>:.cctor () (at ./Library/PackageCache/com.niantic.lightship.maps@fb4247cae5/SampleAssets/Experimental/Labels/LabelBuilder.cs:103)
Niantic.Lightship.Maps.SampleAssets.Experimental.Labels.TextMeshLabelBuilder:.ctor ()

(Filename: Assets/Samples/Lightship Maps SDK/0.4.0/Custom Map Layers Sample/Common/UnityLogging/UnityLogStream.cs Line: 36)

[V] <b><color=#90EE90>[Platform]</color></b> [Log] Set max log level for channel 'LabelBuilder' to 'Info'
UnityEngine.StackTraceUtility:ExtractStackTrace ()
UnityEngine.DebugLogHandler:LogFormat (UnityEngine.LogType,UnityEngine.Object,string,object[])
UnityEngine.Logger:Log (UnityEngine.LogType,object)
UnityEngine.Debug:Log (object)
Niantic.Platform.Debugging.Unity.UnityLogStream:LogMessage (string,Niantic.Platform.Debugging.LogLevel,string) (at Assets/Samples/Lightship Maps SDK/0.4.0/Render-to-Texture Sample/Common/UnityLogging/UnityLogStream.cs:36)
Niantic.Platform.Debugging.LogService:LogToStreams (string,Niantic.Platform.Debugging.LogLevel,string)
Niantic.Platform.Debugging.LogService:LogMessage (string,Niantic.Platform.Debugging.LogLevel,string,object,object)
Niantic.Platform.Debugging.LogService:SetMaxLogLevelForChannel (string,Niantic.Platform.Debugging.LogLevel)
Niantic.Lightship.Maps.Utilities.ChannelLogger:set_MaxLogLevel (Niantic.Platform.Debugging.LogLevel) (at ./Library/PackageCache/com.niantic.lightship.maps@fb4247cae5/Runtime/Niantic.Lightship.Maps/Utilities/ChannelLogger.cs:34)
Niantic.Lightship.Maps.Utilities.ChannelLogger:.ctor (string,Niantic.Platform.Debugging.LogLevel) (at ./Library/PackageCache/com.niantic.lightship.maps@fb4247cae5/Runtime/Niantic.Lightship.Maps/Utilities/ChannelLogger.cs:46)
Niantic.Lightship.Maps.SampleAssets.Experimental.Labels.LabelBuilder`1<Niantic.Lightship.Maps.SampleAssets.Experimental.Labels.TextMeshLabel>:.cctor () (at ./Library/PackageCache/com.niantic.lightship.maps@fb4247cae5/SampleAssets/Experimental/Labels/LabelBuilder.cs:103)
Niantic.Lightship.Maps.SampleAssets.Experimental.Labels.TextMeshLabelBuilder:.ctor ()

(Filename: Assets/Samples/Lightship Maps SDK/0.4.0/Render-to-Texture Sample/Common/UnityLogging/UnityLogStream.cs Line: 36)

[V] <b><color=#90EE90>[Platform]</color></b> [Log] Set max log level for channel 'LabelBuilder' to 'Info'
UnityEngine.StackTraceUtility:ExtractStackTrace ()
UnityEngine.DebugLogHandler:LogFormat (UnityEngine.LogType,UnityEngine.Object,string,object[])
UnityEngine.Logger:Log (UnityEngine.LogType,object)
UnityEngine.Debug:Log (object)
Niantic.Platform.Debugging.Unity.UnityLogStream:LogMessage (string,Niantic.Platform.Debugging.LogLevel,string) (at Assets/Samples/Lightship Maps SDK/0.4.0/Top-Down Camera Sample/Common/UnityLogging/UnityLogStream.cs:36)
Niantic.Platform.Debugging.LogService:LogToStreams (string,Niantic.Platform.Debugging.LogLevel,string)
Niantic.Platform.Debugging.LogService:LogMessage (string,Niantic.Platform.Debugging.LogLevel,string,object,object)
Niantic.Platform.Debugging.LogService:SetMaxLogLevelForChannel (string,Niantic.Platform.Debugging.LogLevel)
Niantic.Lightship.Maps.Utilities.ChannelLogger:set_MaxLogLevel (Niantic.Platform.Debugging.LogLevel) (at ./Library/PackageCache/com.niantic.lightship.maps@fb4247cae5/Runtime/Niantic.Lightship.Maps/Utilities/ChannelLogger.cs:34)
Niantic.Lightship.Maps.Utilities.ChannelLogger:.ctor (string,Niantic.Platform.Debugging.LogLevel) (at ./Library/PackageCache/com.niantic.lightship.maps@fb4247cae5/Runtime/Niantic.Lightship.Maps/Utilities/ChannelLogger.cs:46)
Niantic.Lightship.Maps.SampleAssets.Experimental.Labels.LabelBuilder`1<Niantic.Lightship.Maps.SampleAssets.Experimental.Labels.TextMeshLabel>:.cctor () (at ./Library/PackageCache/com.niantic.lightship.maps@fb4247cae5/SampleAssets/Experimental/Labels/LabelBuilder.cs:103)
Niantic.Lightship.Maps.SampleAssets.Experimental.Labels.TextMeshLabelBuilder:.ctor ()

(Filename: Assets/Samples/Lightship Maps SDK/0.4.0/Top-Down Camera Sample/Common/UnityLogging/UnityLogStream.cs Line: 36)

[V] <b><color=#90EE90>[Platform]</color></b> [Log] Set max log level for channel 'LabelBuilder' to 'Info'
UnityEngine.StackTraceUtility:ExtractStackTrace ()
UnityEngine.DebugLogHandler:LogFormat (UnityEngine.LogType,UnityEngine.Object,string,object[])
UnityEngine.Logger:Log (UnityEngine.LogType,object)
UnityEngine.Debug:Log (object)
Niantic.Platform.Debugging.Unity.UnityLogStream:LogMessage (string,Niantic.Platform.Debugging.LogLevel,string) (at Assets/Samples/Lightship Maps SDK/0.4.0/Labels Sample/Common/UnityLogging/UnityLogStream.cs:36)
Niantic.Platform.Debugging.LogService:LogToStreams (string,Niantic.Platform.Debugging.LogLevel,string)
Niantic.Platform.Debugging.LogService:LogMessage (string,Niantic.Platform.Debugging.LogLevel,string,object,object)
Niantic.Platform.Debugging.LogService:SetMaxLogLevelForChannel (string,Niantic.Platform.Debugging.LogLevel)
Niantic.Lightship.Maps.Utilities.ChannelLogger:set_MaxLogLevel (Niantic.Platform.Debugging.LogLevel) (at ./Library/PackageCache/com.niantic.lightship.maps@fb4247cae5/Runtime/Niantic.Lightship.Maps/Utilities/ChannelLogger.cs:34)
Niantic.Lightship.Maps.Utilities.ChannelLogger:.ctor (string,Niantic.Platform.Debugging.LogLevel) (at ./Library/PackageCache/com.niantic.lightship.maps@fb4247cae5/Runtime/Niantic.Lightship.Maps/Utilities/ChannelLogger.cs:46)
Niantic.Lightship.Maps.SampleAssets.Experimental.Labels.LabelBuilder`1<Niantic.Lightship.Maps.SampleAssets.Experimental.Labels.TextMeshLabel>:.cctor () (at ./Library/PackageCache/com.niantic.lightship.maps@fb4247cae5/SampleAssets/Experimental/Labels/LabelBuilder.cs:103)
Niantic.Lightship.Maps.SampleAssets.Experimental.Labels.TextMeshLabelBuilder:.ctor ()

(Filename: Assets/Samples/Lightship Maps SDK/0.4.0/Labels Sample/Common/UnityLogging/UnityLogStream.cs Line: 36)

[V] <b><color=#90EE90>[Platform]</color></b> [Log] Set max log level for channel 'LabelBuilder' to 'Info'
UnityEngine.StackTraceUtility:ExtractStackTrace ()
UnityEngine.DebugLogHandler:LogFormat (UnityEngine.LogType,UnityEngine.Object,string,object[])
UnityEngine.Logger:Log (UnityEngine.LogType,object)
UnityEngine.Debug:Log (object)
Niantic.Platform.Debugging.Unity.UnityLogStream:LogMessage (string,Niantic.Platform.Debugging.LogLevel,string) (at Assets/Samples/Lightship Maps SDK/0.4.0/Third-Person Camera Sample/Common/UnityLogging/UnityLogStream.cs:36)
Niantic.Platform.Debugging.LogService:LogToStreams (string,Niantic.Platform.Debugging.LogLevel,string)
Niantic.Platform.Debugging.LogService:LogMessage (string,Niantic.Platform.Debugging.LogLevel,string,object,object)
Niantic.Platform.Debugging.LogService:SetMaxLogLevelForChannel (string,Niantic.Platform.Debugging.LogLevel)
Niantic.Lightship.Maps.Utilities.ChannelLogger:set_MaxLogLevel (Niantic.Platform.Debugging.LogLevel) (at ./Library/PackageCache/com.niantic.lightship.maps@fb4247cae5/Runtime/Niantic.Lightship.Maps/Utilities/ChannelLogger.cs:34)
Niantic.Lightship.Maps.Utilities.ChannelLogger:.ctor (string,Niantic.Platform.Debugging.LogLevel) (at ./Library/PackageCache/com.niantic.lightship.maps@fb4247cae5/Runtime/Niantic.Lightship.Maps/Utilities/ChannelLogger.cs:46)
Niantic.Lightship.Maps.SampleAssets.Experimental.Labels.LabelBuilder`1<Niantic.Lightship.Maps.SampleAssets.Experimental.Labels.TextMeshLabel>:.cctor () (at ./Library/PackageCache/com.niantic.lightship.maps@fb4247cae5/SampleAssets/Experimental/Labels/LabelBuilder.cs:103)
Niantic.Lightship.Maps.SampleAssets.Experimental.Labels.TextMeshLabelBuilder:.ctor ()

(Filename: Assets/Samples/Lightship Maps SDK/0.4.0/Third-Person Camera Sample/Common/UnityLogging/UnityLogStream.cs Line: 36)

[V] <b><color=#90EE90>[Platform]</color></b> [Log] Set max log level for channel 'LabelBuilder' to 'Info'
UnityEngine.StackTraceUtility:ExtractStackTrace ()
UnityEngine.DebugLogHandler:LogFormat (UnityEngine.LogType,UnityEngine.Object,string,object[])
UnityEngine.Logger:Log (UnityEngine.LogType,object)
UnityEngine.Debug:Log (object)
Niantic.Platform.Debugging.Unity.UnityLogStream:LogMessage (string,Niantic.Platform.Debugging.LogLevel,string) (at Assets/Samples/Lightship Maps SDK/0.4.0/Map Theming Sample/Common/UnityLogging/UnityLogStream.cs:36)
Niantic.Platform.Debugging.LogService:LogToStreams (string,Niantic.Platform.Debugging.LogLevel,string)
Niantic.Platform.Debugging.LogService:LogMessage (string,Niantic.Platform.Debugging.LogLevel,string,object,object)
Niantic.Platform.Debugging.LogService:SetMaxLogLevelForChannel (string,Niantic.Platform.Debugging.LogLevel)
Niantic.Lightship.Maps.Utilities.ChannelLogger:set_MaxLogLevel (Niantic.Platform.Debugging.LogLevel) (at ./Library/PackageCache/com.niantic.lightship.maps@fb4247cae5/Runtime/Niantic.Lightship.Maps/Utilities/ChannelLogger.cs:34)
Niantic.Lightship.Maps.Utilities.ChannelLogger:.ctor (string,Niantic.Platform.Debugging.LogLevel) (at ./Library/PackageCache/com.niantic.lightship.maps@fb4247cae5/Runtime/Niantic.Lightship.Maps/Utilities/ChannelLogger.cs:46)
Niantic.Lightship.Maps.SampleAssets.Experimental.Labels.LabelBuilder`1<Niantic.Lightship.Maps.SampleAssets.Experimental.Labels.TextMeshLabel>:.cctor () (at ./Library/PackageCache/com.niantic.lightship.maps@fb4247cae5/SampleAssets/Experimental/Labels/LabelBuilder.cs:103)
Niantic.Lightship.Maps.SampleAssets.Experimental.Labels.TextMeshLabelBuilder:.ctor ()

(Filename: Assets/Samples/Lightship Maps SDK/0.4.0/Map Theming Sample/Common/UnityLogging/UnityLogStream.cs Line: 36)

[V] <b><color=#90EE90>[Platform]</color></b> [Log] Set max log level for channel 'LabelBuilder' to 'Info'
UnityEngine.StackTraceUtility:ExtractStackTrace ()
UnityEngine.DebugLogHandler:LogFormat (UnityEngine.LogType,UnityEngine.Object,string,object[])
UnityEngine.Logger:Log (UnityEngine.LogType,object)
UnityEngine.Debug:Log (object)
Niantic.Platform.Debugging.Unity.UnityLogStream:LogMessage (string,Niantic.Platform.Debugging.LogLevel,string) (at Assets/Samples/Lightship Maps SDK/0.4.0/Multi-Language Labels Sample/Common/UnityLogging/UnityLogStream.cs:36)
Niantic.Platform.Debugging.LogService:LogToStreams (string,Niantic.Platform.Debugging.LogLevel,string)
Niantic.Platform.Debugging.LogService:LogMessage (string,Niantic.Platform.Debugging.LogLevel,string,object,object)
Niantic.Platform.Debugging.LogService:SetMaxLogLevelForChannel (string,Niantic.Platform.Debugging.LogLevel)
Niantic.Lightship.Maps.Utilities.ChannelLogger:set_MaxLogLevel (Niantic.Platform.Debugging.LogLevel) (at ./Library/PackageCache/com.niantic.lightship.maps@fb4247cae5/Runtime/Niantic.Lightship.Maps/Utilities/ChannelLogger.cs:34)
Niantic.Lightship.Maps.Utilities.ChannelLogger:.ctor (string,Niantic.Platform.Debugging.LogLevel) (at ./Library/PackageCache/com.niantic.lightship.maps@fb4247cae5/Runtime/Niantic.Lightship.Maps/Utilities/ChannelLogger.cs:46)
Niantic.Lightship.Maps.SampleAssets.Experimental.Labels.LabelBuilder`1<Niantic.Lightship.Maps.SampleAssets.Experimental.Labels.TextMeshLabel>:.cctor () (at ./Library/PackageCache/com.niantic.lightship.maps@fb4247cae5/SampleAssets/Experimental/Labels/LabelBuilder.cs:103)
Niantic.Lightship.Maps.SampleAssets.Experimental.Labels.TextMeshLabelBuilder:.ctor ()

(Filename: Assets/Samples/Lightship Maps SDK/0.4.0/Multi-Language Labels Sample/Common/UnityLogging/UnityLogStream.cs Line: 36)

[V] <b><color=#90EE90>[Platform]</color></b> [Log] Set max log level for channel 'LabelBuilder' to 'Info'
UnityEngine.StackTraceUtility:ExtractStackTrace ()
UnityEngine.DebugLogHandler:LogFormat (UnityEngine.LogType,UnityEngine.Object,string,object[])
UnityEngine.Logger:Log (UnityEngine.LogType,object)
UnityEngine.Debug:Log (object)
Niantic.Platform.Debugging.Unity.UnityLogStream:LogMessage (string,Niantic.Platform.Debugging.LogLevel,string) (at Assets/Samples/Lightship Maps SDK/0.4.0/Map-Based Resource Game/Common/UnityLogging/UnityLogStream.cs:36)
Niantic.Platform.Debugging.LogService:LogToStreams (string,Niantic.Platform.Debugging.LogLevel,string)
Niantic.Platform.Debugging.LogService:LogMessage (string,Niantic.Platform.Debugging.LogLevel,string,object,object)
Niantic.Platform.Debugging.LogService:SetMaxLogLevelForChannel (string,Niantic.Platform.Debugging.LogLevel)
Niantic.Lightship.Maps.Utilities.ChannelLogger:set_MaxLogLevel (Niantic.Platform.Debugging.LogLevel) (at ./Library/PackageCache/com.niantic.lightship.maps@fb4247cae5/Runtime/Niantic.Lightship.Maps/Utilities/ChannelLogger.cs:34)
Niantic.Lightship.Maps.Utilities.ChannelLogger:.ctor (string,Niantic.Platform.Debugging.LogLevel) (at ./Library/PackageCache/com.niantic.lightship.maps@fb4247cae5/Runtime/Niantic.Lightship.Maps/Utilities/ChannelLogger.cs:46)
Niantic.Lightship.Maps.SampleAssets.Experimental.Labels.LabelBuilder`1<Niantic.Lightship.Maps.SampleAssets.Experimental.Labels.TextMeshLabel>:.cctor () (at ./Library/PackageCache/com.niantic.lightship.maps@fb4247cae5/SampleAssets/Experimental/Labels/LabelBuilder.cs:103)
Niantic.Lightship.Maps.SampleAssets.Experimental.Labels.TextMeshLabelBuilder:.ctor ()

(Filename: Assets/Samples/Lightship Maps SDK/0.4.0/Map-Based Resource Game/Common/UnityLogging/UnityLogStream.cs Line: 36)

 -> (artifact id: '3f62d04a1ceda0ec4153785d8403071d') in 0.243431 seconds
Number of updated asset objects reloaded before import = 0
Number of asset objects unloaded after import = 215
